<!DOCTYPE html PUBLIC "-//W3C//DTD XHTML 1.1//EN" "https://www.w3.org/TR/xhtml11/DTD/xhtml11.dtd">
<html xmlns="https://www.w3.org/1999/xhtml">
<head>
<meta http-equiv="content-type" content="text/html; charset=UTF-8"/>
<title>TestNG Report</title>
<style type="text/css">table {margin-bottom:10px;border-collapse:collapse;empty-cells:show}th,td {border:1px solid #009;padding:.25em .5em}th {vertical-align:bottom}td {vertical-align:top}table a {font-weight:bold}.stripe td {background-color: #E6EBF9}.num {text-align:right}.passedodd td {background-color: #3F3}.passedeven td {background-color: #0A0}.skippedodd td {background-color: #DDD}.skippedeven td {background-color: #CCC}.failedodd td,.attn {background-color: #F33}.failedeven td,.stripe .attn {background-color: #D00}.stacktrace {white-space:pre;font-family:monospace}.totop {font-size:85%;text-align:center;border-bottom:2px solid #000}.invisible {display:none}</style>
</head>
<body>
<table>
<tr><th>Test</th><th># Passed</th><th># Skipped</th><th># Retried</th><th># Failed</th><th>Time (ms)</th><th>Included Groups</th><th>Excluded Groups</th></tr>
<tr><th colspan="8">Suite</th></tr>
<tr><td><a href="#t0">Test</a></td><td class="num">1</td><td class="num">0</td><td class="num">0</td><td class="num attn">2</td><td class="num">344,511</td><td></td><td></td></tr>
</table>
<table id='summary'><thead><tr><th>Class</th><th>Method</th><th>Start</th><th>Time (ms)</th></tr></thead><tbody><tr><th colspan="4">Suite</th></tr></tbody><tbody id="t0"><tr><th colspan="4">Test &#8212; failed (configuration methods)</th></tr><tr class="failedeven"><td rowspan="1">com.mohs10.Report.PDFReportTest</td><td><a href="#m0">afterClass</a></td><td rowspan="1">1678360272377</td><td rowspan="1">1</td></tr><tr class="failedodd"><td rowspan="1">com.mohs10.scripts.HomeTest</td><td><a href="#m1">afterClass</a></td><td rowspan="1">1678360272028</td><td rowspan="1">0</td></tr><tr><th colspan="4">Test &#8212; failed</th></tr><tr class="failedeven"><td rowspan="1">com.mohs10.Report.PDFReportTest</td><td><a href="#m2">PDFreports</a></td><td rowspan="1">1678360272036</td><td rowspan="1">338</td></tr><tr class="failedodd"><td rowspan="1">com.mohs10.scripts.HomeTest</td><td><a href="#m3">LoginTestCase2</a></td><td rowspan="1">1678360270761</td><td rowspan="1">1255</td></tr><tr><th colspan="4">Test &#8212; passed</th></tr><tr class="passedeven"><td rowspan="1">com.mohs10.scripts.HomeTest</td><td><a href="#m4">LoginTestCase</a></td><td rowspan="1">1678359928781</td><td rowspan="1">341961</td></tr></tbody>
</table>
<h2>Test</h2><h3 id="m0">com.mohs10.Report.PDFReportTest#afterClass</h3><table class="result"><tr><th>Exception</th></tr><tr><td><div class="stacktrace">java.lang.NullPointerException: Cannot invoke &quot;org.openqa.selenium.WebDriver.quit()&quot; because &quot;com.mohs10.base.StartBrowser.driver&quot; is null
	at com.mohs10.base.StartBrowser.afterClass(StartBrowser.java:136)
	at java.base/java.util.ArrayList.forEach(ArrayList.java:1511)
... Removed 25 stack frames</div></td></tr></table><p class="totop"><a href="#summary">back to summary</a></p>
<h3 id="m1">com.mohs10.scripts.HomeTest#afterClass</h3><table class="result"><tr><th>Exception</th></tr><tr><td><div class="stacktrace">java.lang.NullPointerException: Cannot invoke &quot;org.openqa.selenium.WebDriver.quit()&quot; because &quot;com.mohs10.base.StartBrowser.driver&quot; is null
	at com.mohs10.base.StartBrowser.afterClass(StartBrowser.java:136)
	at java.base/java.util.ArrayList.forEach(ArrayList.java:1511)
... Removed 25 stack frames</div></td></tr></table><p class="totop"><a href="#summary">back to summary</a></p>
<h3 id="m2">com.mohs10.Report.PDFReportTest#PDFreports</h3><table class="result"><tr><th>Exception</th></tr><tr><td><div class="stacktrace">java.lang.NullPointerException: Cannot invoke &quot;org.openqa.selenium.WebDriver.get(String)&quot; because &quot;com.mohs10.Report.PDFReportTest.driver&quot; is null
	at com.mohs10.Report.PDFReportTest.PDFreports(PDFReportTest.java:58)
	at java.base/java.util.ArrayList.forEach(ArrayList.java:1511)
... Removed 27 stack frames</div></td></tr></table><p class="totop"><a href="#summary">back to summary</a></p>
<h3 id="m3">com.mohs10.scripts.HomeTest#LoginTestCase2</h3><table class="result"><tr><th>Exception</th></tr><tr><td><div class="stacktrace">org.openqa.selenium.SessionNotCreatedException: session not created: No matching capabilities found
Build info: version: &apos;3.9.1&apos;, revision: &apos;63f7b50&apos;, time: &apos;2018-02-07T22:42:28.403Z&apos;
System info: host: &apos;DESKTOP-KOJOBGV&apos;, ip: &apos;192.168.208.200&apos;, os.name: &apos;Windows 10&apos;, os.arch: &apos;amd64&apos;, os.version: &apos;10.0&apos;, java.version: &apos;17.0.6&apos;
Driver info: driver.version: unknown
remote stacktrace: Backtrace:
	(No symbol) [0x005937D3]
	(No symbol) [0x00528B81]
	(No symbol) [0x0042B36D]
	(No symbol) [0x00481339]
	(No symbol) [0x004809A3]
	(No symbol) [0x00481CC8]
	(No symbol) [0x00481B2C]
	(No symbol) [0x0047B216]
	(No symbol) [0x00450D97]
	(No symbol) [0x0045253D]
	GetHandleVerifier [0x0080ABF2+2510930]
	GetHandleVerifier [0x00838EC1+2700065]
	GetHandleVerifier [0x0083C86C+2714828]
	GetHandleVerifier [0x00643480+645344]
	(No symbol) [0x00530FD2]
	(No symbol) [0x00536C68]
	(No symbol) [0x00536D4B]
	(No symbol) [0x00540D6B]
	BaseThreadInitThunk [0x75AD00F9+25]
	RtlGetAppContainerNamedObjectPath [0x77747BBE+286]
	RtlGetAppContainerNamedObjectPath [0x77747B8E+238]

Command duration or timeout: 1.01 seconds
	at org.openqa.selenium.remote.ErrorHandler.createThrowable(ErrorHandler.java:214)
	at org.openqa.selenium.remote.ErrorHandler.throwIfResponseFailed(ErrorHandler.java:166)
	at org.openqa.selenium.remote.JsonWireProtocolResponse.lambda$new$0(JsonWireProtocolResponse.java:53)
	at org.openqa.selenium.remote.JsonWireProtocolResponse.lambda$getResponseFunction$2(JsonWireProtocolResponse.java:91)
	at org.openqa.selenium.remote.ProtocolHandshake.lambda$createSession$0(ProtocolHandshake.java:123)
	at java.base/java.util.stream.ReferencePipeline$3$1.accept(ReferencePipeline.java:197)
	at java.base/java.util.Spliterators$ArraySpliterator.tryAdvance(Spliterators.java:1002)
	at java.base/java.util.stream.ReferencePipeline.forEachWithCancel(ReferencePipeline.java:129)
	at java.base/java.util.stream.AbstractPipeline.copyIntoWithCancel(AbstractPipeline.java:527)
	at java.base/java.util.stream.AbstractPipeline.copyInto(AbstractPipeline.java:513)
	at java.base/java.util.stream.AbstractPipeline.wrapAndCopyInto(AbstractPipeline.java:499)
	at java.base/java.util.stream.FindOps$FindOp.evaluateSequential(FindOps.java:150)
	at java.base/java.util.stream.AbstractPipeline.evaluate(AbstractPipeline.java:234)
	at java.base/java.util.stream.ReferencePipeline.findFirst(ReferencePipeline.java:647)
	at org.openqa.selenium.remote.ProtocolHandshake.createSession(ProtocolHandshake.java:126)
	at org.openqa.selenium.remote.ProtocolHandshake.createSession(ProtocolHandshake.java:73)
	at org.openqa.selenium.remote.HttpCommandExecutor.execute(HttpCommandExecutor.java:138)
	at org.openqa.selenium.remote.RemoteWebDriver.execute(RemoteWebDriver.java:601)
	at org.openqa.selenium.remote.RemoteWebDriver.startSession(RemoteWebDriver.java:219)
	at org.openqa.selenium.remote.RemoteWebDriver.&lt;init&gt;(RemoteWebDriver.java:142)
	at org.openqa.selenium.remote.RemoteWebDriver.&lt;init&gt;(RemoteWebDriver.java:155)
	at com.mohs10.base.StartBrowser.launchapp(StartBrowser.java:86)
	at com.mohs10.scripts.HomeTest.LoginTestCase2(HomeTest.java:46)
	at java.base/java.util.ArrayList.forEach(ArrayList.java:1511)
Caused by: org.openqa.selenium.SessionNotCreatedException: session not created: No matching capabilities found
Build info: version: &apos;3.9.1&apos;, revision: &apos;63f7b50&apos;, time: &apos;2018-02-07T22:42:28.403Z&apos;
System info: host: &apos;DESKTOP-KOJOBGV&apos;, ip: &apos;192.168.208.200&apos;, os.name: &apos;Windows 10&apos;, os.arch: &apos;amd64&apos;, os.version: &apos;10.0&apos;, java.version: &apos;17.0.6&apos;
Driver info: driver.version: unknown
remote stacktrace: Backtrace:
	(No symbol) [0x005937D3]
	(No symbol) [0x00528B81]
	(No symbol) [0x0042B36D]
	(No symbol) [0x00481339]
	(No symbol) [0x004809A3]
	(No symbol) [0x00481CC8]
	(No symbol) [0x00481B2C]
	(No symbol) [0x0047B216]
	(No symbol) [0x00450D97]
	(No symbol) [0x0045253D]
	GetHandleVerifier [0x0080ABF2+2510930]
	GetHandleVerifier [0x00838EC1+2700065]
	GetHandleVerifier [0x0083C86C+2714828]
	GetHandleVerifier [0x00643480+645344]
	(No symbol) [0x00530FD2]
	(No symbol) [0x00536C68]
	(No symbol) [0x00536D4B]
	(No symbol) [0x00540D6B]
	BaseThreadInitThunk [0x75AD00F9+25]
	RtlGetAppContainerNamedObjectPath [0x77747BBE+286]
	RtlGetAppContainerNamedObjectPath [0x77747B8E+238]

Build info: version: &apos;3.9.1&apos;, revision: &apos;63f7b50&apos;, time: &apos;2018-02-07T22:25:02.294Z&apos;
System info: host: &apos;DESKTOP-KOJOBGV&apos;, ip: &apos;192.168.208.200&apos;, os.name: &apos;Windows 10&apos;, os.arch: &apos;amd64&apos;, os.version: &apos;10.0&apos;, java.version: &apos;17.0.6&apos;
Driver info: driver.version: unknown
	at org.openqa.selenium.remote.W3CHandshakeResponse.lambda$new$0(W3CHandshakeResponse.java:57)
	at org.openqa.selenium.remote.W3CHandshakeResponse.lambda$getResponseFunction$2(W3CHandshakeResponse.java:104)
	at org.openqa.selenium.remote.ProtocolHandshake.lambda$createSession$0(ProtocolHandshake.java:123)
	at java.util.stream.ReferencePipeline$3$1.accept(ReferencePipeline.java:197)
	at java.util.Spliterators$ArraySpliterator.tryAdvance(Spliterators.java:1002)
	at java.util.stream.ReferencePipeline.forEachWithCancel(ReferencePipeline.java:129)
	at java.util.stream.AbstractPipeline.copyIntoWithCancel(AbstractPipeline.java:527)
	at java.util.stream.AbstractPipeline.copyInto(AbstractPipeline.java:513)
	at java.util.stream.AbstractPipeline.wrapAndCopyInto(AbstractPipeline.java:499)
	at java.util.stream.FindOps$FindOp.evaluateSequential(FindOps.java:150)
	at java.util.stream.AbstractPipeline.evaluate(AbstractPipeline.java:234)
	at java.util.stream.ReferencePipeline.findFirst(ReferencePipeline.java:647)
	at org.openqa.selenium.remote.ProtocolHandshake.createSession(ProtocolHandshake.java:126)
	at org.openqa.selenium.remote.ProtocolHandshake.createSession(ProtocolHandshake.java:73)
	at org.openqa.selenium.remote.server.RemoteSession$Factory.performHandshake(RemoteSession.java:145)
	at org.openqa.selenium.remote.server.ServicedSession$Factory.apply(ServicedSession.java:154)
	at org.openqa.selenium.remote.server.ActiveSessionFactory.lambda$apply$12(ActiveSessionFactory.java:176)
	at java.util.stream.ReferencePipeline$3$1.accept(ReferencePipeline.java:197)
	at java.util.stream.ReferencePipeline$15$1.accept(ReferencePipeline.java:541)
	at java.util.stream.ReferencePipeline$2$1.accept(ReferencePipeline.java:179)
	at java.util.Spliterators$ArraySpliterator.tryAdvance(Spliterators.java:1002)
	at java.util.stream.ReferencePipeline.forEachWithCancel(ReferencePipeline.java:129)
	at java.util.stream.AbstractPipeline.copyIntoWithCancel(AbstractPipeline.java:527)
	at java.util.stream.AbstractPipeline.copyInto(AbstractPipeline.java:513)
	at java.util.stream.AbstractPipeline.wrapAndCopyInto(AbstractPipeline.java:499)
	at java.util.stream.FindOps$FindOp.evaluateSequential(FindOps.java:150)
	at java.util.stream.AbstractPipeline.evaluate(AbstractPipeline.java:234)
	at java.util.stream.ReferencePipeline.findFirst(ReferencePipeline.java:647)
	at org.openqa.selenium.remote.server.ActiveSessionFactory.apply(ActiveSessionFactory.java:179)
	at org.openqa.selenium.remote.server.NewSessionPipeline.lambda$null$2(NewSessionPipeline.java:65)
	at java.util.stream.ReferencePipeline$3$1.accept(ReferencePipeline.java:197)
	at java.util.stream.ReferencePipeline$2$1.accept(ReferencePipeline.java:179)
	at java.util.Collections$2.tryAdvance(Collections.java:4853)
	at java.util.stream.ReferencePipeline.forEachWithCancel(ReferencePipeline.java:129)
	at java.util.stream.AbstractPipeline.copyIntoWithCancel(AbstractPipeline.java:527)
	at java.util.stream.AbstractPipeline.copyInto(AbstractPipeline.java:513)
	at java.util.stream.AbstractPipeline.wrapAndCopyInto(AbstractPipeline.java:499)
	at java.util.stream.FindOps$FindOp.evaluateSequential(FindOps.java:150)
	at java.util.stream.AbstractPipeline.evaluate(AbstractPipeline.java:234)
	at java.util.stream.ReferencePipeline.findFirst(ReferencePipeline.java:647)
	at org.openqa.selenium.remote.server.NewSessionPipeline.lambda$createNewSession$3(NewSessionPipeline.java:68)
	at java.util.stream.ReferencePipeline$3$1.accept(ReferencePipeline.java:197)
	at java.util.stream.ReferencePipeline$3$1.accept(ReferencePipeline.java:197)
	at java.util.stream.ReferencePipeline$3$1.accept(ReferencePipeline.java:197)
	at java.util.stream.DistinctOps$1$2.accept(DistinctOps.java:174)
	at java.util.stream.ReferencePipeline$2$1.accept(ReferencePipeline.java:179)
	at java.util.stream.ReferencePipeline$3$1.accept(ReferencePipeline.java:197)
	at java.util.stream.ReferencePipeline$2$1.accept(ReferencePipeline.java:179)
	at java.util.stream.Streams$StreamBuilderImpl.tryAdvance(Streams.java:397)
	at java.util.stream.Streams$ConcatSpliterator.tryAdvance(Streams.java:720)
	at java.util.stream.ReferencePipeline.forEachWithCancel(ReferencePipeline.java:129)
	at java.util.stream.AbstractPipeline.copyIntoWithCancel(AbstractPipeline.java:527)
	at java.util.stream.AbstractPipeline.copyInto(AbstractPipeline.java:513)
	at java.util.stream.AbstractPipeline.wrapAndCopyInto(AbstractPipeline.java:499)
	at java.util.stream.FindOps$FindOp.evaluateSequential(FindOps.java:150)
	at java.util.stream.AbstractPipeline.evaluate(AbstractPipeline.java:234)
	at java.util.stream.ReferencePipeline.findFirst(ReferencePipeline.java:647)
	at org.openqa.selenium.remote.server.NewSessionPipeline.createNewSession(NewSessionPipeline.java:71)
	at org.openqa.selenium.remote.server.commandhandler.BeginSession.execute(BeginSession.java:65)
	at org.openqa.selenium.remote.server.WebDriverServlet.lambda$handle$0(WebDriverServlet.java:242)
	at java.util.concurrent.Executors$RunnableAdapter.call(Executors.java:539)
	at java.util.concurrent.FutureTask.run(FutureTask.java:264)
	at java.util.concurrent.ThreadPoolExecutor.runWorker(ThreadPoolExecutor.java:1136)
	at java.util.concurrent.ThreadPoolExecutor$Worker.run(ThreadPoolExecutor.java:635)
	at java.lang.Thread.run(Thread.java:833)
... Removed 37 stack frames</div></td></tr></table><p class="totop"><a href="#summary">back to summary</a></p>
<h3 id="m4">com.mohs10.scripts.HomeTest#LoginTestCase</h3><table class="result"><tr><th class="invisible"/></tr></table><p class="totop"><a href="#summary">back to summary</a></p>
</body>
</html>
